<?xml version="1.0" encoding="UTF-8"?>
<robot generator="Robot 7.4.1 (Python 3.14.2 on win32)" generated="2026-01-02T13:36:28.964218" rpa="false" schemaversion="5">
<suite id="s1" name="Test8" source="C:\Users\nongn\TestAutomationLab\test8.robot">
<test id="s1-t1" name="Invalid Phone Number" line="18">
<kw name="Open Browser To Registration Page">
<kw name="Evaluate" owner="BuiltIn">
<msg time="2026-01-02T13:36:29.103521" level="INFO">${chrome_options} = &lt;selenium.webdriver.chrome.options.Options object at 0x000001D74C9496A0&gt;</msg>
<var>${chrome_options}</var>
<arg>sys.modules['selenium.webdriver'].ChromeOptions()</arg>
<arg>sys</arg>
<doc>Evaluates the given expression in Python and returns the result.</doc>
<status status="PASS" start="2026-01-02T13:36:29.103174" elapsed="0.000376"/>
</kw>
<kw name="Set Variable" owner="BuiltIn">
<msg time="2026-01-02T13:36:29.103829" level="INFO">${chrome_options.binary_location} = C:\Users\nongn\TestAutomationLab\chrome-win64\chrome.exe</msg>
<var>${chrome_options.binary_location}</var>
<arg>${CHROME_BROWSER_PATH}</arg>
<doc>Returns the given values which can then be assigned to a variables.</doc>
<status status="PASS" start="2026-01-02T13:36:29.103645" elapsed="0.000204"/>
</kw>
<kw name="Evaluate" owner="BuiltIn">
<msg time="2026-01-02T13:36:29.104301" level="INFO">${service} = &lt;selenium.webdriver.chrome.service.Service object at 0x000001D74C949550&gt;</msg>
<var>${service}</var>
<arg>sys.modules["selenium.webdriver.chrome.service"].Service(executable_path=r"${CHROME_DRIVER_PATH}")</arg>
<doc>Evaluates the given expression in Python and returns the result.</doc>
<status status="PASS" start="2026-01-02T13:36:29.103913" elapsed="0.000409"/>
</kw>
<kw name="Create Webdriver" owner="SeleniumLibrary">
<msg time="2026-01-02T13:36:29.104527" level="INFO">Creating an instance of the Chrome WebDriver.</msg>
<arg>Chrome</arg>
<arg>options=${chrome_options}</arg>
<arg>service=${service}</arg>
<doc>Creates an instance of Selenium WebDriver.</doc>
<status status="PASS" start="2026-01-02T13:36:29.104396" elapsed="1.068343"/>
</kw>
<kw name="Go To" owner="SeleniumLibrary">
<msg time="2026-01-02T13:36:30.173154" level="INFO">Opening url 'http://localhost:7272/Lab4/Registration.html'</msg>
<arg>${URL}</arg>
<doc>Navigates the current browser window to the provided ``url``.</doc>
<status status="PASS" start="2026-01-02T13:36:30.172960" elapsed="0.042769"/>
</kw>
<status status="PASS" start="2026-01-02T13:36:29.102659" elapsed="1.113174"/>
</kw>
<kw name="Input Text" owner="SeleniumLibrary">
<msg time="2026-01-02T13:36:30.216432" level="INFO">Typing text 'Somyod' into text field 'id=firstname'.</msg>
<arg>id=firstname</arg>
<arg>Somyod</arg>
<doc>Types the given ``text`` into the text field identified by ``locator``.</doc>
<status status="PASS" start="2026-01-02T13:36:30.216148" elapsed="0.085876"/>
</kw>
<kw name="Input Text" owner="SeleniumLibrary">
<msg time="2026-01-02T13:36:30.303446" level="INFO">Typing text 'Sodsai' into text field 'id=lastname'.</msg>
<arg>id=lastname</arg>
<arg>Sodsai</arg>
<doc>Types the given ``text`` into the text field identified by ``locator``.</doc>
<status status="PASS" start="2026-01-02T13:36:30.302676" elapsed="0.063572"/>
</kw>
<kw name="Input Text" owner="SeleniumLibrary">
<msg time="2026-01-02T13:36:30.367211" level="INFO">Typing text 'CS KKU' into text field 'id=organization'.</msg>
<arg>id=organization</arg>
<arg>CS KKU</arg>
<doc>Types the given ``text`` into the text field identified by ``locator``.</doc>
<status status="PASS" start="2026-01-02T13:36:30.366761" elapsed="0.061076"/>
</kw>
<kw name="Input Text" owner="SeleniumLibrary">
<msg time="2026-01-02T13:36:30.428670" level="INFO">Typing text 'somyod@kkumail.com' into text field 'id=email'.</msg>
<arg>id=email</arg>
<arg>somyod@kkumail.com</arg>
<doc>Types the given ``text`` into the text field identified by ``locator``.</doc>
<status status="PASS" start="2026-01-02T13:36:30.428495" elapsed="0.061312"/>
</kw>
<kw name="Input Text" owner="SeleniumLibrary">
<msg time="2026-01-02T13:36:30.491628" level="INFO">Typing text '1234' into text field 'id=phone'.</msg>
<arg>id=phone</arg>
<arg>1234</arg>
<doc>Types the given ``text`` into the text field identified by ``locator``.</doc>
<status status="PASS" start="2026-01-02T13:36:30.491445" elapsed="0.070253"/>
</kw>
<kw name="Click Button" owner="SeleniumLibrary">
<msg time="2026-01-02T13:36:30.562448" level="INFO">Clicking button 'id=registerButton'.</msg>
<arg>id=registerButton</arg>
<doc>Clicks the button identified by ``locator``.</doc>
<status status="PASS" start="2026-01-02T13:36:30.562289" elapsed="0.053969"/>
</kw>
<kw name="Close Browser" owner="SeleniumLibrary" type="TEARDOWN">
<doc>Closes the current browser.</doc>
<status status="PASS" start="2026-01-02T13:36:30.616700" elapsed="2.650592"/>
</kw>
<status status="PASS" start="2026-01-02T13:36:29.102063" elapsed="4.166214"/>
</test>
<status status="PASS" start="2026-01-02T13:36:28.965123" elapsed="4.309834"/>
</suite>
<statistics>
<total>
<stat pass="1" fail="0" skip="0">All Tests</stat>
</total>
<tag>
</tag>
<suite>
<stat name="Test8" id="s1" pass="1" fail="0" skip="0">Test8</stat>
</suite>
</statistics>
<errors>
</errors>
</robot>
