<?xml version="1.0" encoding="UTF-8"?>
<robot generator="Robot 7.4.1 (Python 3.14.2 on win32)" generated="2026-01-02T13:27:38.906730" rpa="false" schemaversion="5">
<suite id="s1" name="Test3" source="C:\Users\nongn\TestAutomationLab\test3.robot">
<test id="s1-t1" name="Empty First Name" line="18">
<kw name="Open Browser To Registration Page">
<kw name="Evaluate" owner="BuiltIn">
<msg time="2026-01-02T13:27:39.052767" level="INFO">${chrome_options} = &lt;selenium.webdriver.chrome.options.Options object at 0x000002CD1D8096A0&gt;</msg>
<var>${chrome_options}</var>
<arg>sys.modules['selenium.webdriver'].ChromeOptions()</arg>
<arg>sys</arg>
<doc>Evaluates the given expression in Python and returns the result.</doc>
<status status="PASS" start="2026-01-02T13:27:39.052401" elapsed="0.000401"/>
</kw>
<kw name="Set Variable" owner="BuiltIn">
<msg time="2026-01-02T13:27:39.053101" level="INFO">${chrome_options.binary_location} = C:\Users\nongn\TestAutomationLab\chrome-win64\chrome.exe</msg>
<var>${chrome_options.binary_location}</var>
<arg>${CHROME_BROWSER_PATH}</arg>
<doc>Returns the given values which can then be assigned to a variables.</doc>
<status status="PASS" start="2026-01-02T13:27:39.052903" elapsed="0.000219"/>
</kw>
<kw name="Evaluate" owner="BuiltIn">
<msg time="2026-01-02T13:27:39.053686" level="INFO">${service} = &lt;selenium.webdriver.chrome.service.Service object at 0x000002CD1D809550&gt;</msg>
<var>${service}</var>
<arg>sys.modules["selenium.webdriver.chrome.service"].Service(executable_path=r"${CHROME_DRIVER_PATH}")</arg>
<doc>Evaluates the given expression in Python and returns the result.</doc>
<status status="PASS" start="2026-01-02T13:27:39.053197" elapsed="0.000516"/>
</kw>
<kw name="Create Webdriver" owner="SeleniumLibrary">
<msg time="2026-01-02T13:27:39.054018" level="INFO">Creating an instance of the Chrome WebDriver.</msg>
<arg>Chrome</arg>
<arg>options=${chrome_options}</arg>
<arg>service=${service}</arg>
<doc>Creates an instance of Selenium WebDriver.</doc>
<status status="PASS" start="2026-01-02T13:27:39.053812" elapsed="1.078465"/>
</kw>
<kw name="Go To" owner="SeleniumLibrary">
<msg time="2026-01-02T13:27:40.132585" level="INFO">Opening url 'http://localhost:7272/Lab4/Registration.html'</msg>
<arg>${URL}</arg>
<doc>Navigates the current browser window to the provided ``url``.</doc>
<status status="PASS" start="2026-01-02T13:27:40.132452" elapsed="0.054696"/>
</kw>
<status status="PASS" start="2026-01-02T13:27:39.051919" elapsed="1.135333"/>
</kw>
<kw name="Input Text" owner="SeleniumLibrary">
<msg time="2026-01-02T13:27:40.189002" level="INFO">Typing text 'Sodyod' into text field 'id=lastname'.</msg>
<arg>id=lastname</arg>
<arg>Sodyod</arg>
<doc>Types the given ``text`` into the text field identified by ``locator``.</doc>
<status status="PASS" start="2026-01-02T13:27:40.188668" elapsed="0.074376"/>
</kw>
<kw name="Input Text" owner="SeleniumLibrary">
<msg time="2026-01-02T13:27:40.263877" level="INFO">Typing text 'CS KKU' into text field 'id=organization'.</msg>
<arg>id=organization</arg>
<arg>CS KKU</arg>
<doc>Types the given ``text`` into the text field identified by ``locator``.</doc>
<status status="PASS" start="2026-01-02T13:27:40.263672" elapsed="0.089847"/>
</kw>
<kw name="Input Text" owner="SeleniumLibrary">
<msg time="2026-01-02T13:27:40.354374" level="INFO">Typing text 'somyod@kkumail.com' into text field 'id=email'.</msg>
<arg>id=email</arg>
<arg>somyod@kkumail.com</arg>
<doc>Types the given ``text`` into the text field identified by ``locator``.</doc>
<status status="PASS" start="2026-01-02T13:27:40.354064" elapsed="0.061054"/>
</kw>
<kw name="Input Text" owner="SeleniumLibrary">
<msg time="2026-01-02T13:27:40.416065" level="INFO">Typing text '091-001-1234' into text field 'id=phone'.</msg>
<arg>id=phone</arg>
<arg>091-001-1234</arg>
<doc>Types the given ``text`` into the text field identified by ``locator``.</doc>
<status status="PASS" start="2026-01-02T13:27:40.415703" elapsed="0.068371"/>
</kw>
<kw name="Click Button" owner="SeleniumLibrary">
<msg time="2026-01-02T13:27:40.488552" level="INFO">Clicking button 'id=registerButton'.</msg>
<arg>id=registerButton</arg>
<doc>Clicks the button identified by ``locator``.</doc>
<status status="PASS" start="2026-01-02T13:27:40.488381" elapsed="0.048250"/>
</kw>
<kw name="Close Browser" owner="SeleniumLibrary" type="TEARDOWN">
<doc>Closes the current browser.</doc>
<status status="PASS" start="2026-01-02T13:27:40.537675" elapsed="2.759815"/>
</kw>
<status status="PASS" start="2026-01-02T13:27:39.051254" elapsed="4.246738"/>
</test>
<status status="PASS" start="2026-01-02T13:27:38.907826" elapsed="4.392607"/>
</suite>
<statistics>
<total>
<stat pass="1" fail="0" skip="0">All Tests</stat>
</total>
<tag>
</tag>
<suite>
<stat name="Test3" id="s1" pass="1" fail="0" skip="0">Test3</stat>
</suite>
</statistics>
<errors>
</errors>
</robot>
